<?xml version="1.0" encoding="UTF-8"?>
<testng-results skipped="0" failed="0" ignored="0" total="1" passed="1">
  <reporter-output>
  </reporter-output>
  <suite name="Suite1" duration-ms="25" started-at="2017-08-16T02:51:31Z" finished-at="2017-08-16T02:51:31Z">
    <groups>
    </groups>
    <test name="test1" duration-ms="25" started-at="2017-08-16T02:51:31Z" finished-at="2017-08-16T02:51:31Z">
      <class name="TestNGSimpleTest">
        <test-method status="PASS" signature="testAdd()[pri:0, instance:TestNGSimpleTest@5479e3f]" name="testAdd" duration-ms="7" started-at="2017-08-15T22:51:31Z" finished-at="2017-08-15T22:51:31Z">
          <reporter-output>
          </reporter-output>
        </test-method> <!-- testAdd -->
      </class> <!-- TestNGSimpleTest -->
    </test> <!-- test1 -->
  </suite> <!-- Suite1 -->
</testng-results>
