<?xml version="1.0" encoding="UTF-8"?>
<testng-results skipped="0" failed="0" ignored="0" total="3" passed="3">
  <reporter-output>
  </reporter-output>
  <suite name="Suite1" duration-ms="23" started-at="2017-08-17T01:47:38Z" finished-at="2017-08-17T01:47:38Z">
    <groups>
      <group name="required1">
        <method signature="DependsOnGroupsTest.testSalutationMessage()[pri:0, instance:DependsOnGroupsTest@5479e3f]" name="testSalutationMessage" class="DependsOnGroupsTest"/>
      </group> <!-- required1 -->
      <group name="required2">
        <method signature="DependsOnGroupsTest.initEnvironmentTest()[pri:0, instance:DependsOnGroupsTest@5479e3f]" name="initEnvironmentTest" class="DependsOnGroupsTest"/>
      </group> <!-- required2 -->
    </groups>
    <test name="test1" duration-ms="23" started-at="2017-08-17T01:47:38Z" finished-at="2017-08-17T01:47:38Z">
      <class name="DependsOnGroupsTest">
        <test-method status="PASS" signature="initEnvironmentTest()[pri:0, instance:DependsOnGroupsTest@5479e3f]" name="initEnvironmentTest" duration-ms="4" started-at="2017-08-16T21:47:38Z" finished-at="2017-08-16T21:47:38Z">
          <reporter-output>
          </reporter-output>
        </test-method> <!-- initEnvironmentTest -->
        <test-method status="PASS" signature="testSalutationMessage()[pri:0, instance:DependsOnGroupsTest@5479e3f]" name="testSalutationMessage" duration-ms="1" started-at="2017-08-16T21:47:38Z" finished-at="2017-08-16T21:47:38Z">
          <reporter-output>
          </reporter-output>
        </test-method> <!-- testSalutationMessage -->
        <test-method status="PASS" signature="testPrintMessage()[pri:0, instance:DependsOnGroupsTest@5479e3f]" name="testPrintMessage" duration-ms="0" depends-on-groups="required[12]" started-at="2017-08-16T21:47:38Z" finished-at="2017-08-16T21:47:38Z">
          <reporter-output>
          </reporter-output>
        </test-method> <!-- testPrintMessage -->
      </class> <!-- DependsOnGroupsTest -->
    </test> <!-- test1 -->
  </suite> <!-- Suite1 -->
</testng-results>
