<?xml version="1.0" encoding="UTF-8"?>
<!-- Generated by org.testng.reporters.JUnitXMLReporter -->
<testsuite hostname="ferdy-390" ignored="0" tests="1" failures="1" timestamp="16 Aug 2017 04:48:28 GMT" time="0.001" errors="0">
  <testcase name="testSalutationMessage" time="0.001" classname="MessageUtilTest2">
    <failure type="java.lang.AssertionError" message="expected [Hi Barack] but found [Hi!Barack]">
      <![CDATA[java.lang.AssertionError: expected [Hi Barack] but found [Hi!Barack]
	at MessageUtilTest2.testSalutationMessage(MessageUtilTest2.java:12)
... Removed 30 stack frames]]>
    </failure>
  </testcase> <!-- testSalutationMessage -->
</testsuite>
